# JRE version: Java(TM) SE Runtime Environment (16.0.2+7) (build 16.0.2+7-67)
# Java VM: Java HotSpot(TM) 64-Bit Server VM (16.0.2+7-67, mixed mode, sharing, tiered, compressed oops, compressed class ptrs, g1 gc, windows-amd64)
GC Precious Log:
 CPUs: 4 total, 4 available
 Memory: 24468M
 Large Page Support: Disabled
 NUMA Support: Disabled
 Compressed Oops: Enabled (Zero based)
 Heap Region Size: 4M
 Heap Min Capacity: 8M
 Heap Initial Capacity: 384M
 Heap Max Capacity: 6120M
 Pre-touch: Disabled
 Parallel Workers: 4
 Concurrent Workers: 1
 Concurrent Refinement Workers: 4
 Periodic GC: Disabled
Heap:
 garbage-first heap   total 110592K, used 75627K [0x0000000681800000, 0x0000000800000000)
  region size 4096K, 12 young (49152K), 2 survivors (8192K)
 Metaspace       used 75499K, committed 75904K, reserved 1122304K
  class space    used 10038K, committed 10240K, reserved 1048576K
GC Heap History (20 events):
Event: 12.581 GC heap before
{Heap before GC invocations=9 (full 0):
 garbage-first heap   total 81920K, used 57532K [0x0000000681800000, 0x0000000800000000)
  region size 4096K, 12 young (49152K), 2 survivors (8192K)
 Metaspace       used 28307K, committed 28608K, reserved 1081344K
  class space    used 3561K, committed 3712K, reserved 1048576K
}
Event: 12.589 GC heap after
{Heap after GC invocations=10 (full 0):
 garbage-first heap   total 81920K, used 18073K [0x0000000681800000, 0x0000000800000000)
  region size 4096K, 2 young (8192K), 2 survivors (8192K)
 Metaspace       used 28307K, committed 28608K, reserved 1081344K
  class space    used 3561K, committed 3712K, reserved 1048576K
}
Event: 13.755 GC heap before
{Heap before GC invocations=10 (full 0):
 garbage-first heap   total 81920K, used 54937K [0x0000000681800000, 0x0000000800000000)
  region size 4096K, 11 young (45056K), 2 survivors (8192K)
 Metaspace       used 34827K, committed 35200K, reserved 1081344K
  class space    used 4450K, committed 4608K, reserved 1048576K
}
Event: 13.765 GC heap after
{Heap after GC invocations=11 (full 0):
 garbage-first heap   total 81920K, used 21344K [0x0000000681800000, 0x0000000800000000)
  region size 4096K, 2 young (8192K), 2 survivors (8192K)
 Metaspace       used 34827K, committed 35200K, reserved 1081344K
  class space    used 4450K, committed 4608K, reserved 1048576K
}
Event: 13.813 GC heap before
{Heap before GC invocations=11 (full 0):
 garbage-first heap   total 81920K, used 54112K [0x0000000681800000, 0x0000000800000000)
  region size 4096K, 11 young (45056K), 2 survivors (8192K)
 Metaspace       used 35060K, committed 35392K, reserved 1081344K
  class space    used 4468K, committed 4608K, reserved 1048576K
}
Event: 13.822 GC heap after
{Heap after GC invocations=12 (full 0):
 garbage-first heap   total 81920K, used 21621K [0x0000000681800000, 0x0000000800000000)
  region size 4096K, 1 young (4096K), 1 survivors (4096K)
 Metaspace       used 35060K, committed 35392K, reserved 1081344K
  class space    used 4468K, committed 4608K, reserved 1048576K
}
Event: 13.921 GC heap before
{Heap before GC invocations=12 (full 0):
 garbage-first heap   total 81920K, used 46197K [0x0000000681800000, 0x0000000800000000)
  region size 4096K, 8 young (32768K), 1 survivors (4096K)
 Metaspace       used 35228K, committed 35520K, reserved 1081344K
  class space    used 4478K, committed 4608K, reserved 1048576K
}
Event: 13.928 GC heap after
{Heap after GC invocations=13 (full 0):
 garbage-first heap   total 237568K, used 21700K [0x0000000681800000, 0x0000000800000000)
  region size 4096K, 1 young (4096K), 1 survivors (4096K)
 Metaspace       used 35228K, committed 35520K, reserved 1081344K
  class space    used 4478K, committed 4608K, reserved 1048576K
}
Event: 18.301 GC heap before
{Heap before GC invocations=14 (full 0):
 garbage-first heap   total 110592K, used 83140K [0x0000000681800000, 0x0000000800000000)
  region size 4096K, 16 young (65536K), 1 survivors (4096K)
 Metaspace       used 45495K, committed 45888K, reserved 1089536K
  class space    used 5806K, committed 5952K, reserved 1048576K
}
Event: 18.312 GC heap after
{Heap after GC invocations=15 (full 0):
 garbage-first heap   total 110592K, used 25274K [0x0000000681800000, 0x0000000800000000)
  region size 4096K, 2 young (8192K), 2 survivors (8192K)
 Metaspace       used 45495K, committed 45888K, reserved 1089536K
  class space    used 5806K, committed 5952K, reserved 1048576K
}
Event: 18.522 GC heap before
{Heap before GC invocations=15 (full 0):
 garbage-first heap   total 110592K, used 29370K [0x0000000681800000, 0x0000000800000000)
  region size 4096K, 3 young (12288K), 2 survivors (8192K)
 Metaspace       used 46611K, committed 46976K, reserved 1097728K
  class space    used 5972K, committed 6144K, reserved 1048576K
}
Event: 18.533 GC heap after
{Heap after GC invocations=16 (full 0):
 garbage-first heap   total 110592K, used 25849K [0x0000000681800000, 0x0000000800000000)
  region size 4096K, 1 young (4096K), 1 survivors (4096K)
 Metaspace       used 46611K, committed 46976K, reserved 1097728K
  class space    used 5972K, committed 6144K, reserved 1048576K
}
Event: 20.286 GC heap before
{Heap before GC invocations=16 (full 0):
 garbage-first heap   total 110592K, used 79097K [0x0000000681800000, 0x0000000800000000)
  region size 4096K, 14 young (57344K), 1 survivors (4096K)
 Metaspace       used 55425K, committed 55808K, reserved 1097728K
  class space    used 7250K, committed 7424K, reserved 1048576K
}
Event: 20.293 GC heap after
{Heap after GC invocations=17 (full 0):
 garbage-first heap   total 110592K, used 29056K [0x0000000681800000, 0x0000000800000000)
  region size 4096K, 2 young (8192K), 2 survivors (8192K)
 Metaspace       used 55425K, committed 55808K, reserved 1097728K
  class space    used 7250K, committed 7424K, reserved 1048576K
}
Event: 20.739 GC heap before
{Heap before GC invocations=17 (full 0):
 garbage-first heap   total 110592K, used 41344K [0x0000000681800000, 0x0000000800000000)
  region size 4096K, 6 young (24576K), 2 survivors (8192K)
 Metaspace       used 59005K, committed 59328K, reserved 1105920K
  class space    used 7824K, committed 8000K, reserved 1048576K
}
Event: 20.746 GC heap after
{Heap after GC invocations=18 (full 0):
 garbage-first heap   total 110592K, used 29865K [0x0000000681800000, 0x0000000800000000)
  region size 4096K, 2 young (8192K), 2 survivors (8192K)
 Metaspace       used 59005K, committed 59328K, reserved 1105920K
  class space    used 7824K, committed 8000K, reserved 1048576K
}
Event: 23.962 GC heap before
{Heap before GC invocations=19 (full 0):
 garbage-first heap   total 110592K, used 79017K [0x0000000681800000, 0x0000000800000000)
  region size 4096K, 14 young (57344K), 2 survivors (8192K)
 Metaspace       used 64778K, committed 65216K, reserved 1105920K
  class space    used 8676K, committed 8896K, reserved 1048576K
}
Event: 23.970 GC heap after
{Heap after GC invocations=20 (full 0):
 garbage-first heap   total 110592K, used 33580K [0x0000000681800000, 0x0000000800000000)
  region size 4096K, 2 young (8192K), 2 survivors (8192K)
 Metaspace       used 64778K, committed 65216K, reserved 1105920K
  class space    used 8676K, committed 8896K, reserved 1048576K
}
Event: 25.271 GC heap before
{Heap before GC invocations=20 (full 0):
 garbage-first heap   total 110592K, used 78636K [0x0000000681800000, 0x0000000800000000)
  region size 4096K, 13 young (53248K), 2 survivors (8192K)
 Metaspace       used 70424K, committed 70784K, reserved 1114112K
  class space    used 9347K, committed 9536K, reserved 1048576K
}
Event: 25.279 GC heap after
{Heap after GC invocations=21 (full 0):
 garbage-first heap   total 110592K, used 38763K [0x0000000681800000, 0x0000000800000000)
  region size 4096K, 2 young (8192K), 2 survivors (8192K)
 Metaspace       used 70424K, committed 70784K, reserved 1114112K
  class space    used 9347K, committed 9536K, reserved 1048576K
}

